### 2022-02-27 18:52:11,808 ### appLog ### INFO ### Title to add: rweqrwer ###
### 2022-02-27 18:54:34,821 ### appLog ### INFO ### Title to add: 123432321 ###
### 2022-03-01 19:30:16,436 ### appLog ### INFO ### Attempting to move card ###
### 2022-03-01 19:30:16,436 ### appLog ### INFO ### Item to move from To Do to Done: 61c9efb12a4989214a75b4c8 ###
### 2022-03-01 19:30:28,915 ### appLog ### INFO ### Attempting to move card ###
### 2022-03-01 19:30:28,916 ### appLog ### INFO ### Item to move from To Do to Done: 61c9efb12a4989214a75b4cc ###
### 2022-03-01 19:30:36,562 ### appLog ### INFO ### Attempting to move card ###
### 2022-03-01 19:30:36,562 ### appLog ### INFO ### Item to move from To Do to Done: 621b9c0a7fc1cc6f2bec0041 ###
### 2022-03-01 19:30:38,580 ### appLog ### INFO ### Attempting to move card ###
### 2022-03-01 19:30:38,580 ### appLog ### INFO ### Item to move from To Do to Done: 61c9efb12a4989214a75b4e2 ###
### 2022-03-01 19:31:11,971 ### appLog ### INFO ### Attempting to move card ###
### 2022-03-01 19:31:11,971 ### appLog ### INFO ### Item to revert from Done to To Do: 621b9c0a7fc1cc6f2bec0041 ###
### 2022-03-01 19:44:31,613 ### appLog ### INFO ### Attempting to move card ###
### 2022-03-01 19:44:31,613 ### appLog ### INFO ### Item to move from To Do to Done: 621b9c0a7fc1cc6f2bec0041 ###
### 2022-03-01 21:36:33,557 ### appLog ### INFO ### Attempting to move card ###
### 2022-03-01 21:36:33,558 ### appLog ### INFO ### Item to move from To Do to Done: 621b9b3e34fcfc4471f286c3 ###
### 2022-03-01 21:38:06,034 ### appLog ### INFO ### Attempting to move card ###
### 2022-03-01 21:38:06,034 ### appLog ### INFO ### Item to move from To Do to Done: 621b9b3e34fcfc4471f286c3 ###
### 2022-03-01 21:38:09,282 ### appLog ### INFO ### Attempting to move card ###
### 2022-03-01 21:38:09,282 ### appLog ### INFO ### Item to move from To Do to Done: 621bbe3ab69d8927abb60863 ###
### 2022-03-01 21:38:19,098 ### appLog ### INFO ### Attempting to move card ###
### 2022-03-01 21:38:19,098 ### appLog ### INFO ### Item to revert from Done to To Do: 61c9efb12a4989214a75b4c8 ###
### 2022-03-01 21:38:22,210 ### appLog ### INFO ### Attempting to move card ###
### 2022-03-01 21:38:22,211 ### appLog ### INFO ### Item to revert from Done to To Do: 621bc09acb09b072ff3a4998 ###
### 2022-03-01 21:38:24,780 ### appLog ### INFO ### Attempting to move card ###
### 2022-03-01 21:38:24,780 ### appLog ### INFO ### Item to revert from Done to To Do: 61c9efb12a4989214a75b4cc ###
### 2022-03-01 21:38:26,652 ### appLog ### INFO ### Attempting to move card ###
### 2022-03-01 21:38:26,652 ### appLog ### INFO ### Item to revert from Done to To Do: 61c9efb12a4989214a75b4e2 ###
### 2022-03-01 21:38:28,791 ### appLog ### INFO ### Attempting to move card ###
### 2022-03-01 21:38:28,791 ### appLog ### INFO ### Item to revert from Done to To Do: 621b9b3e34fcfc4471f286c3 ###
### 2022-03-01 21:38:39,399 ### appLog ### INFO ### Title to add: testing12356 ###
### 2022-03-01 21:38:43,903 ### appLog ### INFO ### Attempting to move card ###
### 2022-03-01 21:38:43,903 ### appLog ### INFO ### Item to move from To Do to Done: 621e7640db715e69661a37d9 ###
### 2022-03-01 21:38:46,231 ### appLog ### INFO ### Attempting to move card ###
### 2022-03-01 21:38:46,232 ### appLog ### INFO ### Item to revert from Done to To Do: 621e7640db715e69661a37d9 ###
### 2022-03-01 21:38:49,461 ### appLog ### INFO ### Attempting to move card ###
### 2022-03-01 21:38:49,461 ### appLog ### INFO ### Item to move from To Do to Done: 621e7640db715e69661a37d9 ###
### 2022-03-01 21:38:55,151 ### appLog ### INFO ### Attempting to move card ###
### 2022-03-01 21:38:55,151 ### appLog ### INFO ### Item to revert from Done to To Do: 621e7640db715e69661a37d9 ###
### 2022-03-01 21:53:49,341 ### appLog ### INFO ### Attempting to move card ###
### 2022-03-01 21:53:49,342 ### appLog ### INFO ### Item to move from To Do to Done: 61c9efb12a4989214a75b4c8 ###
### 2022-03-01 21:53:52,614 ### appLog ### INFO ### Attempting to move card ###
### 2022-03-01 21:53:52,614 ### appLog ### INFO ### Item to revert from Done to To Do: 61c9efb12a4989214a75b4c8 ###
### 2022-03-01 21:54:06,094 ### appLog ### INFO ### Attempting to move card ###
### 2022-03-01 21:54:06,094 ### appLog ### INFO ### Item to move from To Do to Done: 61c9efb12a4989214a75b4c8 ###
